<?xml version="1.0" encoding="UTF-8"?>
<!-- Generated by org.testng.reporters.JUnitReportReporter -->
<testsuite skipped="0" hostname="DESKTOP-NFGD8FV" name="com.sysco.auto_test.tests.LoginTest" tests="1" failures="0" timestamp="31 Jul 2018 12:40:16 GMT" time="85.541" errors="0">
  <testcase name="testLogin" time="85.541" classname="com.sysco.auto_test.tests.LoginTest"/>
</testsuite> <!-- com.sysco.auto_test.tests.LoginTest -->
